Arguments: 
  C:\Program Files\nodejs\node.exe C:\Users\Matheus da Galerinha\AppData\Roaming\npm\node_modules\yarn\bin\yarn.js add vtex.store-sitemap vtex.store -f

PATH: 
  C:\WINDOWS\system32;C:\wamp64\bin\php\php7.3.12;B:\composer;C:\ProgramData\chocolatey\bin;C:\Program Files\NVIDIA Corporation\NVIDIA NvDLISR;C:\WINDOWS\system32\WindowsPowerShell\v1.0;C:\Program Files\Git\cmd;C:\WINDOWS;C:\WINDOWS\System32\Wbem;C:\WINDOWS\System32\WindowsPowerShell\v1.0\;C:\WINDOWS\System32\OpenSSH\;C:\Users\Matheus da Galerinha\AppData\Roaming\nvm;C:\Program Files\nodejs;C:\Program Files\nodejs\;C:\Users\Matheus da Galerinha\AppData\Local\Microsoft\WindowsApps;C:\Users\Matheus da Galerinha\AppData\Local\Programs\Microsoft VS Code\bin;C:\Users\Matheus da Galerinha\AppData\Roaming\Composer\vendor\bin;C:\tools\Cmder;% SystemRoot%\system32;C:\Windows\System32;B:\Fiddler;C:\Users\Matheus da Galerinha\AppData\Local\Microsoft\WindowsApps;C:\Users\Matheus da Galerinha\AppData\Roaming\nvm;C:\Program Files\nodejs;C:\Users\Matheus da Galerinha\AppData\Roaming\npm

Yarn version: 
  1.22.4

Node version: 
  11.15.0

Platform: 
  win32 x64

Trace: 
  Error: https://registry.yarnpkg.com/vtex.store-sitemap: Not found
      at Request.params.callback [as _callback] (C:\Users\Matheus da Galerinha\AppData\Roaming\npm\node_modules\yarn\lib\cli.js:66987:18)
      at Request.self.callback (C:\Users\Matheus da Galerinha\AppData\Roaming\npm\node_modules\yarn\lib\cli.js:140748:22)
      at Request.emit (events.js:193:13)
      at Request.<anonymous> (C:\Users\Matheus da Galerinha\AppData\Roaming\npm\node_modules\yarn\lib\cli.js:141720:10)
      at Request.emit (events.js:193:13)
      at IncomingMessage.<anonymous> (C:\Users\Matheus da Galerinha\AppData\Roaming\npm\node_modules\yarn\lib\cli.js:141642:12)
      at Object.onceWrapper (events.js:281:20)
      at IncomingMessage.emit (events.js:198:15)
      at endReadableNT (_stream_readable.js:1139:12)
      at processTicksAndRejections (internal/process/task_queues.js:81:17)

npm manifest: 
  No manifest

yarn manifest: 
  No manifest

Lockfile: 
  No lockfile
